25/Aug/2016 - 14h20m11s |  | [MOUSE 277, 1079]
25/Aug/2016 - 14h20m16s |  | [MOUSE 235, 1068]
25/Aug/2016 - 14h20m17s | std::lock_guard - cppreference.com - Google Chrome | [MOUSE 981, 0]
25/Aug/2016 - 14h20m18s | c++ - How to restart boost deadline timer - Stack Overflow - Google Chrome | [MOUSE 928, 0]
25/Aug/2016 - 14h20m19s | c++ - How to restart boost deadline timer - Stack Overflow - Google Chrome | [MOUSE 961, 14]
25/Aug/2016 - 14h20m19s | std::atomic - cppreference.com - Google Chrome | [MOUSE 738, 0]
25/Aug/2016 - 14h20m20s | std::atomic - cppreference.com - Google Chrome | [MOUSE 768, 12]
25/Aug/2016 - 14h20m22s | std::lock_guard - cppreference.com - Google Chrome | [MOUSE 576, 12]
25/Aug/2016 - 14h20m22s | Messagerie - stephane galibert - Outlook - Google Chrome | [MOUSE 236, 0]
25/Aug/2016 - 14h20m23s | Messagerie - stephane galibert - Outlook - Google Chrome | [MOUSE 383, 11]
25/Aug/2016 - 14h20m24s | std::lock_guard - cppreference.com - Google Chrome | [MOUSE 1806, 0]
25/Aug/2016 - 14h20m26s | Debug | [MOUSE 1347, 582]
25/Aug/2016 - 14h20m27s | Debug | [MOUSE 1514, 257]
25/Aug/2016 - 14h20m27s | Debug | sqddssqdqsddqd
25/Aug/2016 - 14h20m29s | spider | [MOUSE 368, 403]
25/Aug/2016 - 14h20m30s | spider | [MOUSE 486, 362]
25/Aug/2016 - 14h20m38s | Debug | [MOUSE 1283, 595]

25/Aug/2016 - 14h20m40s | Debug | [MOUSE 1511, 253]
25/Aug/2016 - 14h20m43s |  | [MOUSE 276, 1060]qdsqdqsdsqdazeazeazeez
25/Aug/2016 - 14h21m02s | Bloc-notes | [MOUSE 922, 543]
25/Aug/2016 - 14h21m02s |  | [MOUSE 371, 358]
25/Aug/2016 - 14h21m36s |  | [MOUSE 273, 1054]asasasasasasasasa
25/Aug/2016 - 14h21m40s |  | [MOUSE 248, 1069]
25/Aug/2016 - 14h21m41s | std::lock_guard - cppreference.com - Google Chrome | [MOUSE 597, 0]
25/Aug/2016 - 14h21m41s | Nouvel onglet - Google Chrome | lululululululululul
25/Aug/2016 - 14h22m22s | Resource Acquisition Is Initialization - Wikipedia, the free encyclopedia - Google Chrome | [MOUSE 481, 0]
25/Aug/2016 - 14h22m22s | std::lock_guard - cppreference.com - Google Chrome | [MOUSE 289, 0]
25/Aug/2016 - 14h22m25s |  | [MOUSE 350, 1057]25/Aug/2016 - 14h34m37s | Debug | [MOUSE 1553, 246]
25/Aug/2016 - 14h34m37s | Debug | salut lol
25/Aug/2016 - 14h34m40s |  | [MOUSE 539, 377]

25/Aug/2016 - 14h35m03s | Debug | [MOUSE 1539, 252]25/Aug/2016 - 14h34m37s | Debug | [MOUSE 1553, 246]
25/Aug/2016 - 14h34m37s | Debug | salut lol
25/Aug/2016 - 14h34m40s |  | [MOUSE 539, 377]

25/Aug/2016 - 14h35m08s | Debug | [MOUSE 1539, 252]25/Aug/2016 - 14h34m37s | Debug | [MOUSE 1553, 246]
25/Aug/2016 - 14h34m37s | Debug | salut lol
25/Aug/2016 - 14h34m40s |  | [MOUSE 539, 377]

25/Aug/2016 - 14h35m08s | Debug | [MOUSE 1539, 252]25/Aug/2016 - 14h34m37s | Debug | [MOUSE 1553, 246]
25/Aug/2016 - 14h34m37s | Debug | salut lol
25/Aug/2016 - 14h34m40s |  | [MOUSE 539, 377]

25/Aug/2016 - 14h35m11s |  | [MOUSE 348, 1053]
25/Aug/2016 - 14h35m57s | Debug | [MOUSE 1519, 252]
25/Aug/2016 - 14h36m00s | Debug | ssss
25/Aug/2016 - 14h36m04s |  | [MOUSE 689, 349]
25/Aug/2016 - 14h36m05s | spider | [MOUSE 686, 377]
25/Aug/2016 - 14h36m07s | Debug | [MOUSE 1252, 607]
25/Aug/2016 - 14h36m08s | Debug | [MOUSE 1252, 607]
25/Aug/2016 - 14h36m08s | Debug | [MOUSE 1252, 607]
25/Aug/2016 - 14h36m09s | Debug | [MOUSE 1252, 607]
25/Aug/2016 - 14h36m09s | Debug | [MOUSE 1252, 607]
25/Aug/2016 - 14h36m10s | Debug | [MOUSE 1252, 607]
25/Aug/2016 - 14h36m10s | Debug | [MOUSE 1252, 607]
25/Aug/2016 - 14h36m11s | Debug | [MOUSE 1258, 469]
25/Aug/2016 - 14h36m12s | Debug | [MOUSE 1258, 469]
25/Aug/2016 - 14h36m13s |  | [MOUSE 351, 1064]
25/Aug/2016 - 14h36m56s | spider | [MOUSE 927, 513]
25/Aug/2016 - 14h36m56s | spider | [MOUSE 927, 513]
25/Aug/2016 - 14h36m57s | spider | [MOUSE 927, 513]
25/Aug/2016 - 14h36m57s | spider | [MOUSE 927, 513]
25/Aug/2016 - 14h36m57s | spider | [MOUSE 780, 370]25/Aug/2016 - 14h34m37s | Debug | [MOUSE 1553, 246]
25/Aug/2016 - 14h34m37s | Debug | salut lol
25/Aug/2016 - 14h34m40s |  | [MOUSE 539, 377]
25/Aug/2016 - 14h37m08s | Debug | [MOUSE 1516, 255]
25/Aug/2016 - 14h37m08s | Debug | [MOUSE 1516, 255]
25/Aug/2016 - 14h37m08s | Debug | [MOUSE 1516, 255]
25/Aug/2016 - 14h37m08s | Debug | [MOUSE 1516, 255]
25/Aug/2016 - 14h37m09s | Debug | [MOUSE 1516, 255]
25/Aug/2016 - 14h37m09s |  | [MOUSE 783, 371]
25/Aug/2016 - 14h37m12s | spider | [MOUSE 564, 297]
25/Aug/2016 - 14h37m12s | spider | sasa
25/Aug/2016 - 14h37m13s | spider | [MOUSE 574, 470]
25/Aug/2016 - 14h37m14s | spider | [MOUSE 541, 376]
25/Aug/2016 - 14h37m18s | Debug | [MOUSE 1504, 250]

25/Aug/2016 - 14h37m19s | Debug | [MOUSE 1503, 250]
25/Aug/2016 - 14h37m20s | Debug | [MOUSE 1503, 250]