19/Oct/2016 - 19h09m05s | Debug | [MOUSE 1323, 374]
19/Oct/2016 - 19h09m07s | Debug | salut
19/Oct/2016 - 19h09m09s | spider | [MOUSE 500, 186]
19/Oct/2016 - 19h09m10s | spider | test
19/Oct/2016 - 19h09m14s | spider | [MOUSE 535, 365]
19/Oct/2016 - 19h09m17s | NONE | [MOUSE 247, 1069]
24/Oct/2016 - 11h16m49s | Debug | [MOUSE 1298, 412]
24/Oct/2016 - 11h16m50s | Debug | sssssqqssqQSQ
24/Oct/2016 - 11h16m55s | Debug | A
24/Oct/2016 - 11h16m57s | A - Résultats de la recherche dans Debug | [MOUSE 763, 402]
24/Oct/2016 - 11h17m13s | Debug | [MOUSE 1107, 725]
24/Oct/2016 - 11h17m14s | Debug | [MOUSE 1309, 406]
24/Oct/2016 - 11h17m15s | Debug | QSs
24/Oct/2016 - 11h17m17s | Debug | [MOUSE 1746, 408]
24/Oct/2016 - 11h17m17s | Debug | Q
24/Oct/2016 - 11h17m17s | Q - Debug | S
24/Oct/2016 - 11h17m17s | QS - Debug | Q
24/Oct/2016 - 11h17m18s | QSQ - Debug | s
24/Oct/2016 - 11h17m18s | QSQs - Debug | s
24/Oct/2016 - 11h17m18s | QSQss - Debug | Q
24/Oct/2016 - 11h17m18s | QSQssQ - Debug | S
24/Oct/2016 - 11h17m18s | QSQssQS - Debug | s
24/Oct/2016 - 11h17m18s | QSQssQSs - Debug | Q
24/Oct/2016 - 11h17m19s | QSQssQSsQ - Debug | S
24/Oct/2016 - 11h17m19s | QSQssQSsQS - Debug | s
24/Oct/2016 - 11h17m19s | QSQssQSsQSs - Debug | Q
24/Oct/2016 - 11h17m19s | QSQssQSsQSsQ - Debug | S
24/Oct/2016 - 11h17m19s | QSQssQSsQSsQS - Debug | Q
24/Oct/2016 - 11h17m19s | QSQssQSsQSsQSQ - Debug | S
24/Oct/2016 - 11h17m20s | QSQssQSsQSsQSQS - Debug | q
24/Oct/2016 - 11h17m20s | QSQssQSsQSsQSQSq - Debug | s
24/Oct/2016 - 11h17m20s | QSQssQSsQSsQSQSqs - Debug | q
24/Oct/2016 - 11h17m20s | QSQssQSsQSsQSQSqsq - Debug | S
24/Oct/2016 - 11h17m20s | QSQssQSsQSsQSQSqsqS - Debug | s
24/Oct/2016 - 11h17m20s | QSQssQSsQSsQSQSqsqSs - Debug | Q
24/Oct/2016 - 11h17m20s | QSQssQSsQSsQSQSqsqSsQ - Debug | S
24/Oct/2016 - 11h17m21s | QSQssQSsQSsQSQSqsqSsQS - Debug | q
24/Oct/2016 - 11h17m21s | QSQssQSsQSsQSQSqsqSsQSq - Debug | s
24/Oct/2016 - 11h17m21s | QSQssQSsQSsQSQSqsqSsQSqs - Debug | Q
24/Oct/2016 - 11h17m21s | QSQssQSsQSsQSQSqsqSsQSqsQ - Debug | S
24/Oct/2016 - 11h17m21s | QSQssQSsQSsQSQSqsqSsQSqsQS - Debug | s
24/Oct/2016 - 11h17m21s | QSQssQSsQSsQSQSqsqSsQSqsQSs - Debug | Q
24/Oct/2016 - 11h17m21s | QSQssQSsQSsQSQSqsqSsQSqsQSsQ - Debug | S
24/Oct/2016 - 11h17m22s | QSQssQSsQSsQSQSqsqSsQSqsQSsQS - Debug | q
24/Oct/2016 - 11h17m22s | QSQssQSsQSsQSQSqsqSsQSqsQSsQSq - Debug | s
24/Oct/2016 - 11h17m22s | QSQssQSsQSsQSQSqsqSsQSqsQSsQSqs - Debug | Q
24/Oct/2016 - 11h17m22s | QSQssQSsQSsQSQSqsqSsQSqsQSsQSqsQ - Debug | S
24/Oct/2016 - 11h17m22s | QSQssQSsQSsQSQSqsqSsQSqsQSsQSqsQS - Debug | AZZA
24/Oct/2016 - 11h17m22s | QSQssQSsQSsQSQSqsqSsQSqsQSsQSqsQS - Résultats de la recherche dans Debug | EQSD
24/Oct/2016 - 11h17m24s | QSQssQSsQSsQSQSqsqSsQSqsQSsQSqsQS - Résultats de la recherche dans Debug | SDQQSDSSQDDQDSSQDSQDSDSQSQ
24/Oct/2016 - 11h17m28s | QSQssQSsQSsQSQSqsqSsQSqsQSsQSqsQS - Résultats de la recherche dans Debug | [MOUSE 1775, 418]
24/Oct/2016 - 11h17m28s | QSQssQSsQSsQSQSqsqSsQSqsQSsQSqsQS - Résultats de la recherche dans Debug | [MOUSE 1652, 398]
24/Oct/2016 - 11h17m29s | QSQssQSsQSsQSQSqsqSsQSqsQSsQSqsQS - Résultats de la recherche dans Debug | [BACKSPACE]
24/Oct/2016 - 13h58m18s | Debug | [MOUSE 1325, 421]
24/Oct/2016 - 13h58m19s | Debug | [MOUSE 1309, 407]
24/Oct/2016 - 13h58m20s | Debug | lol
24/Oct/2016 - 13h58m22s | Debug | lllll
24/Oct/2016 - 13h58m25s | Debug | [MOUSE 973, 402]
24/Oct/2016 - 13h58m25s | Debug | [MOUSE 973, 402]
24/Oct/2016 - 13h58m26s | Debug | [BACKSPACE]
24/Oct/2016 - 13h58m28s | NONE | [MOUSE 273, 1062]24/Oct/2016 - 11h15m36s | Debug | [MOUSE 708, 300]
24/Oct/2016 - 11h15m38s | Debug | s[BACKSPACE]
24/Oct/2016 - 11h15m41s | Debug | r
24/Oct/2016 - 11h15m41s | Exécuter | taskmgr[ENTER]
24/Oct/2016 - 18h44m14s | Debug | [MOUSE 1419, 405]
24/Oct/2016 - 18h44m18s | Debug | r
24/Oct/2016 - 18h44m21s | Debug | [MOUSE 1348, 407]
24/Oct/2016 - 18h44m22s | Debug | salut
24/Oct/2016 - 18h44m23s | Debug | [MOUSE 1228, 708]
24/Oct/2016 - 18h44m25s | Exécuter | [MOUSE 314, 948]
24/Oct/2016 - 18h44m25s | Exécuter | [MOUSE 246, 1010]
24/Oct/2016 - 18h44m37s | Debug | [MOUSE 1356, 418]
24/Oct/2016 - 18h44m38s | Debug | [MOUSE 1327, 406]
24/Oct/2016 - 18h44m39s | Debug | [MOUSE 1227, 687]
24/Oct/2016 - 18h47m10s | Debug | [MOUSE 1343, 417]

24/Oct/2016 - 18h51m34s | Debug | [MOUSE 1301, 408]
24/Oct/2016 - 18h51m36s | Debug | [MOUSE 1290, 411]
24/Oct/2016 - 18h51m38s | Debug | [MOUSE 900, 407]
24/Oct/2016 - 18h51m38s | Debug | [MOUSE 548, 290]
24/Oct/2016 - 18h51m39s | Debug | lol
24/Oct/2016 - 18h51m46s | NONE | [MOUSE 243, 1055]25/Oct/2016 - 15h42m50s | Debug | [MOUSE 1357, 406]
25/Oct/2016 - 15h44m10s | Debug | [MOUSE 1285, 410]
25/Oct/2016 - 15h44m10s | Debug | [MOUSE 1285, 410]
25/Oct/2016 - 15h44m11s | Debug | [MOUSE 1285, 410]
25/Oct/2016 - 15h44m11s | Debug | [MOUSE 1285, 410]
25/Oct/2016 - 15h44m12s | Debug | [MOUSE 1142, 459]
25/Oct/2016 - 15h44m12s | Debug | [MOUSE 1142, 459]
25/Oct/2016 - 15h44m15s | debug.log - Bloc-notes | [MOUSE 1439, 157]
25/Oct/2016 - 15h44m20s | Debug | [MOUSE 1357, 399]
25/Oct/2016 - 15h44m20s | Debug | sdqdqsdqsdqsdqs