c:\github\spider\client\spider\spider\debug\vc140.pdb
c:\github\spider\client\spider\spider\debug\vc140.idb
c:\github\spider\client\spider\spider\debug\ainputtype.obj
c:\github\spider\client\spider\spider\debug\application.obj
c:\github\spider\client\spider\spider\debug\distributor.obj
c:\github\spider\client\spider\spider\debug\dllhandler.obj
c:\github\spider\client\spider\spider\debug\inputkeyboard.obj
c:\github\spider\client\spider\spider\debug\inputmouse.obj
c:\github\spider\client\spider\spider\debug\jsonbuilder.obj
c:\github\spider\client\spider\spider\debug\jsonreader.obj
c:\github\spider\client\spider\spider\debug\kill.obj
c:\github\spider\client\spider\spider\debug\logfile.obj
c:\github\spider\client\spider\spider\debug\main.obj
c:\github\spider\client\spider\spider\debug\requestbuilder.obj
c:\github\spider\client\spider\spider\debug\requesthandler.obj
c:\github\spider\client\spider\spider\debug\statictools.obj
c:\github\spider\client\spider\spider\debug\tcpclient.obj
c:\github\spider\client\spider\debug\spider.ilk
c:\github\spider\client\spider\debug\spider.exe
c:\github\spider\client\spider\debug\spider.pdb
c:\github\spider\client\spider\spider\debug\spider.tlog\cl.command.1.tlog
c:\github\spider\client\spider\spider\debug\spider.tlog\cl.read.1.tlog
c:\github\spider\client\spider\spider\debug\spider.tlog\cl.write.1.tlog
c:\github\spider\client\spider\spider\debug\spider.tlog\link.command.1.tlog
c:\github\spider\client\spider\spider\debug\spider.tlog\link.read.1.tlog
c:\github\spider\client\spider\spider\debug\spider.tlog\link.write.1.tlog
