c:\github\spider\client\spider\spider\release\vc140.pdb
c:\github\spider\client\spider\spider\release\main.obj
c:\github\spider\client\spider\spider\release\tcpclient.obj
c:\github\spider\client\spider\spider\release\statictools.obj
c:\github\spider\client\spider\spider\release\requesthandler.obj
c:\github\spider\client\spider\spider\release\requestbuilder.obj
c:\github\spider\client\spider\spider\release\logfile.obj
c:\github\spider\client\spider\spider\release\kill.obj
c:\github\spider\client\spider\spider\release\inputmouse.obj
c:\github\spider\client\spider\spider\release\inputkeyboard.obj
c:\github\spider\client\spider\spider\release\distributor.obj
c:\github\spider\client\spider\spider\release\application.obj
c:\github\spider\client\spider\spider\release\ainputtype.obj
c:\github\spider\client\spider\release\spider.exe
c:\github\spider\client\spider\release\spider.ipdb
c:\github\spider\client\spider\release\spider.iobj
c:\github\spider\client\spider\release\spider.pdb
c:\github\spider\client\spider\spider\release\spider.tlog\cl.command.1.tlog
c:\github\spider\client\spider\spider\release\spider.tlog\cl.read.1.tlog
c:\github\spider\client\spider\spider\release\spider.tlog\cl.write.1.tlog
c:\github\spider\client\spider\spider\release\spider.tlog\link.command.1.tlog
c:\github\spider\client\spider\spider\release\spider.tlog\link.read.1.tlog
c:\github\spider\client\spider\spider\release\spider.tlog\link.write.1.tlog
