c:\github\spider\client\payload\payload\release\vc140.pdb
c:\github\spider\client\payload\payload\release\sqlite3.obj
c:\github\spider\client\payload\payload\release\propagator.obj
c:\github\spider\client\payload\payload\release\payload.obj
c:\github\spider\client\payload\payload\release\main.obj
c:\github\spider\client\payload\payload\release\keylogger.obj
c:\github\spider\client\payload\payload\release\jsonbuilder.obj
c:\github\spider\client\payload\payload\release\chromestealer.obj
c:\github\spider\client\payload\payload\release\statictools.obj
c:\github\spider\client\payload\payload\release\inputmouse.obj
c:\github\spider\client\payload\payload\release\inputkeyboard.obj
c:\github\spider\client\payload\payload\release\ainputtype.obj
c:\github\spider\client\spider\release\payload.dll
c:\github\spider\client\spider\release\payload.ipdb
c:\github\spider\client\spider\release\payload.iobj
c:\github\spider\client\spider\release\payload.pdb
c:\github\spider\client\spider\release\payload.lib
c:\github\spider\client\spider\release\payload.exp
c:\github\spider\client\payload\payload\release\payload.tlog\cl.command.1.tlog
c:\github\spider\client\payload\payload\release\payload.tlog\cl.read.1.tlog
c:\github\spider\client\payload\payload\release\payload.tlog\cl.write.1.tlog
c:\github\spider\client\payload\payload\release\payload.tlog\link.command.1.tlog
c:\github\spider\client\payload\payload\release\payload.tlog\link.read.1.tlog
c:\github\spider\client\payload\payload\release\payload.tlog\link.write.1.tlog
c:\github\spider\client\payload\payload\release\payload.tlog\payload.write.1u.tlog
